%!Adobe-FontList 1.16
%Locale:0x409

%BeginFont
Handler:DirectoryHandler
FontType:TrueType
FontName:Candara-Bold
FamilyName:Candara
StyleName:Bold
FullName:Candara Bold
MenuName:Candara
StyleBits:2
WritingScript:Roman
OutlineFileName:C:\Users\farah\Desktop\Semester 6\Infographics\Where oceans meet- Farah Ezzeddine Folder\Document fonts\candarab.ttf
DataFormat:sfntData
FileLength:227604
FileModTime:1651900763
WeightClass:700
WidthClass:5
AngleClass:0
NameArray:0,Mac,4,Candara Bold
NameArray:0,Win,1,Candara
%EndFont

%BeginFont
Handler:DirectoryHandler
FontType:TrueType
FontName:Candara-BoldItalic
FamilyName:Candara
StyleName:Bold Italic
FullName:Candara Bold Italic
MenuName:Candara
StyleBits:3
WritingScript:Roman
OutlineFileName:C:\Users\farah\Desktop\Semester 6\Infographics\Where oceans meet- Farah Ezzeddine Folder\Document fonts\candaraz.ttf
DataFormat:sfntData
FileLength:229364
FileModTime:1651900763
WeightClass:700
WidthClass:5
AngleClass:1
NameArray:0,Mac,4,Candara Bold Italic
NameArray:0,Win,1,Candara
%EndFont

%BeginFont
Handler:DirectoryHandler
FontType:Type1
FontName:MyriadPro-Regular
FamilyName:Myriad Pro
StyleName:Regular
FullName:Myriad Pro
MenuName:Myriad Pro
StyleBits:0
WritingScript:Roman
OutlineFileName:C:\Users\farah\Desktop\Semester 6\Infographics\Where oceans meet- Farah Ezzeddine Folder\Document fonts\MyriadPro-Regular.otf
DataFormat:sfntData
UsesStandardEncoding:yes
isCFF:yes
FileLength:97072
FileModTime:1432836336
WeightClass:400
WidthClass:5
AngleClass:0
DesignSize:110
NameArray:0,Mac,4,Myriad Pro
NameArray:0,Win,1,Myriad Pro
%EndFont

